Base path: 'C:/Program Files/Unity/Hub/Editor/2019.4.1f1/Editor/Data', plugins path 'C:/Program Files/Unity/Hub/Editor/2019.4.1f1/Editor/Data/PlaybackEngines'
Cmd: initializeCompiler
Cmd: preprocess
  insize=11078 outsize=893 ok=1
Cmd: compileSnippet
  api=4 type=0 insize=10519 outsize=802 kw= pd=UNITY_ENABLE_REFLECTION_BUFFERS UNITY_USE_DITHER_MASK_FOR_ALPHABLENDED_SHADOWS UNITY_PBS_USE_BRDF1 UNITY_SPECCUBE_BOX_PROJECTION UNITY_SPECCUBE_BLENDING UNITY_ENABLE_DETAIL_NORMALMAP SHADER_API_DESKTOP UNITY_COLORSPACE_GAMMA UNITY_LIGHT_PROBE_PROXY_VOLUME UNITY_LIGHTMAP_FULL_HDR ok=1
Cmd: compileSnippet
  api=4 type=1 insize=10519 outsize=518 kw= pd=UNITY_ENABLE_REFLECTION_BUFFERS UNITY_USE_DITHER_MASK_FOR_ALPHABLENDED_SHADOWS UNITY_PBS_USE_BRDF1 UNITY_SPECCUBE_BOX_PROJECTION UNITY_SPECCUBE_BLENDING UNITY_ENABLE_DETAIL_NORMALMAP SHADER_API_DESKTOP UNITY_COLORSPACE_GAMMA UNITY_LIGHT_PROBE_PROXY_VOLUME UNITY_LIGHTMAP_FULL_HDR ok=1
Cmd: preprocess
  insize=811 outsize=209 ok=1
Cmd: preprocess
  insize=811 outsize=209 ok=1
Cmd: preprocess
  insize=811 outsize=209 ok=1
Cmd: preprocess
  insize=811 outsize=209 ok=1
Cmd: preprocess
  insize=811 outsize=209 ok=1
Cmd: preprocess
  insize=811 outsize=209 ok=1
Cmd: preprocess
  insize=811 outsize=209 ok=1
Cmd: preprocess
  insize=811 outsize=209 ok=1
Cmd: preprocess
  insize=811 outsize=209 ok=1
Cmd: preprocess
  insize=11268 outsize=886 ok=1
Cmd: preprocess
  insize=4562 outsize=394 ok=1
Cmd: preprocess
  insize=3163 outsize=381 ok=1
Cmd: preprocess
  insize=3552 outsize=388 ok=1
Cmd: preprocess
  insize=3761 outsize=385 ok=1
Cmd: preprocess
  insize=4015 outsize=386 ok=1
Cmd: preprocess
  insize=11078 outsize=893 ok=1
Cmd: preprocess
  insize=811 outsize=209 ok=1
Cmd: preprocess
  insize=811 outsize=209 ok=1
Cmd: preprocess
  insize=811 outsize=209 ok=1
Cmd: preprocess
  insize=811 outsize=209 ok=1
Cmd: preprocess
  insize=811 outsize=209 ok=1
Cmd: preprocess
  insize=811 outsize=209 ok=1
Cmd: preprocess
  insize=811 outsize=209 ok=1
Cmd: preprocess
  insize=811 outsize=209 ok=1
Cmd: preprocess
  insize=811 outsize=209 ok=1
Cmd: preprocess
  insize=11268 outsize=886 ok=1
Cmd: preprocess
  insize=4562 outsize=394 ok=1
Cmd: preprocess
  insize=3163 outsize=381 ok=1
Cmd: preprocess
  insize=3552 outsize=388 ok=1
Cmd: preprocess
  insize=3761 outsize=385 ok=1
Cmd: preprocess
  insize=4015 outsize=386 ok=1
Cmd: preprocess
  insize=4015 outsize=386 ok=1
Cmd: preprocess
  insize=3552 outsize=388 ok=1
Cmd: preprocess
  insize=3761 outsize=385 ok=1
Cmd: preprocess
  insize=4562 outsize=394 ok=1
Cmd: preprocess
  insize=11268 outsize=886 ok=1
Cmd: preprocess
  insize=811 outsize=209 ok=1
Cmd: preprocess
  insize=811 outsize=209 ok=1
Cmd: preprocess
  insize=811 outsize=209 ok=1
Cmd: preprocess
  insize=811 outsize=209 ok=1
Cmd: preprocess
  insize=811 outsize=209 ok=1
Cmd: preprocess
  insize=811 outsize=209 ok=1
Cmd: preprocess
  insize=811 outsize=209 ok=1
Cmd: preprocess
  insize=811 outsize=209 ok=1
Cmd: preprocess
  insize=811 outsize=209 ok=1
Cmd: preprocess
  insize=11268 outsize=886 ok=1
Cmd: preprocess
  insize=4562 outsize=394 ok=1
Cmd: preprocess
  insize=3163 outsize=381 ok=1
Cmd: preprocess
  insize=3552 outsize=388 ok=1
Cmd: preprocess
  insize=3761 outsize=385 ok=1
Cmd: preprocess
  insize=4015 outsize=386 ok=1
Cmd: preprocess
  insize=11078 outsize=893 ok=1
Cmd: preprocess
  insize=811 outsize=209 ok=1
Cmd: preprocess
  insize=811 outsize=209 ok=1
Cmd: preprocess
  insize=811 outsize=209 ok=1
Cmd: preprocess
  insize=811 outsize=209 ok=1
Cmd: preprocess
  insize=811 outsize=209 ok=1
Cmd: preprocess
  insize=811 outsize=209 ok=1
Cmd: preprocess
  insize=811 outsize=209 ok=1
Cmd: preprocess
  insize=811 outsize=209 ok=1
Cmd: preprocess
  insize=811 outsize=209 ok=1
Cmd: preprocess
  insize=11268 outsize=886 ok=1
Cmd: preprocess
  insize=4562 outsize=394 ok=1
Cmd: preprocess
  insize=3163 outsize=381 ok=1
Cmd: preprocess
  insize=3552 outsize=388 ok=1
Cmd: preprocess
  insize=3761 outsize=385 ok=1
Cmd: preprocess
  insize=4015 outsize=386 ok=1
Cmd: preprocess
  insize=811 outsize=209 ok=1
Cmd: preprocess
  insize=811 outsize=209 ok=1
Cmd: preprocess
  insize=811 outsize=209 ok=1
Cmd: preprocess
  insize=811 outsize=209 ok=1
Cmd: preprocess
  insize=811 outsize=209 ok=1
Cmd: preprocess
  insize=811 outsize=209 ok=1
Cmd: preprocess
  insize=811 outsize=209 ok=1
Cmd: preprocess
  insize=811 outsize=209 ok=1
Cmd: preprocess
  insize=811 outsize=209 ok=1
Cmd: preprocess
  insize=11268 outsize=886 ok=1
Cmd: preprocess
  insize=4562 outsize=394 ok=1
Cmd: preprocess
  insize=3163 outsize=381 ok=1
Cmd: preprocess
  insize=3552 outsize=388 ok=1
Cmd: preprocess
  insize=3761 outsize=385 ok=1
Cmd: preprocess
  insize=4015 outsize=386 ok=1
Cmd: preprocess
  insize=11078 outsize=893 ok=1
Cmd: preprocess
  insize=811 outsize=209 ok=1
Cmd: preprocess
  insize=811 outsize=209 ok=1
Cmd: preprocess
  insize=811 outsize=209 ok=1
Cmd: preprocess
  insize=811 outsize=209 ok=1
Cmd: preprocess
  insize=811 outsize=209 ok=1
Cmd: preprocess
  insize=811 outsize=209 ok=1
Cmd: preprocess
  insize=811 outsize=209 ok=1
Cmd: preprocess
  insize=811 outsize=209 ok=1
Cmd: preprocess
  insize=811 outsize=209 ok=1
Cmd: preprocess
  insize=11268 outsize=886 ok=1
Cmd: preprocess
  insize=4562 outsize=394 ok=1
Cmd: preprocess
  insize=3163 outsize=381 ok=1
Cmd: preprocess
  insize=3552 outsize=388 ok=1
Cmd: preprocess
  insize=3761 outsize=385 ok=1
Cmd: preprocess
  insize=4015 outsize=386 ok=1
Cmd: preprocess
  insize=811 outsize=209 ok=1
Cmd: preprocess
  insize=811 outsize=209 ok=1
Cmd: preprocess
  insize=811 outsize=209 ok=1
Cmd: preprocess
  insize=811 outsize=209 ok=1
Cmd: preprocess
  insize=811 outsize=209 ok=1
Cmd: preprocess
  insize=811 outsize=209 ok=1
Cmd: preprocess
  insize=811 outsize=209 ok=1
Cmd: preprocess
  insize=811 outsize=209 ok=1
Cmd: preprocess
  insize=811 outsize=209 ok=1
Cmd: preprocess
  insize=11268 outsize=886 ok=1
Cmd: preprocess
  insize=4562 outsize=394 ok=1
Cmd: preprocess
  insize=3163 outsize=381 ok=1
Cmd: preprocess
  insize=3552 outsize=388 ok=1
Cmd: preprocess
  insize=3761 outsize=385 ok=1
Cmd: preprocess
  insize=4015 outsize=386 ok=1
Cmd: preprocess
  insize=811 outsize=209 ok=1
Cmd: preprocess
  insize=811 outsize=209 ok=1
Cmd: preprocess
  insize=811 outsize=209 ok=1
Cmd: preprocess
  insize=811 outsize=209 ok=1
Cmd: preprocess
  insize=811 outsize=209 ok=1
Cmd: preprocess
  insize=811 outsize=209 ok=1
Cmd: preprocess
  insize=811 outsize=209 ok=1
Cmd: preprocess
  insize=811 outsize=209 ok=1
Cmd: preprocess
  insize=811 outsize=209 ok=1
Cmd: preprocess
  insize=11268 outsize=886 ok=1
Cmd: preprocess
  insize=4562 outsize=394 ok=1
Cmd: preprocess
  insize=3163 outsize=381 ok=1
Cmd: preprocess
  insize=3552 outsize=388 ok=1
Cmd: preprocess
  insize=3761 outsize=385 ok=1
Cmd: preprocess
  insize=4015 outsize=386 ok=1
Cmd: preprocess
  insize=11080 outsize=895 ok=1
